<?xml version="1.0" encoding="UTF-8"?>
<!-- Generated by org.testng.reporters.JUnitXMLReporter -->
<testsuite hostname="LAPTOP-MBJNO64N" ignored="0" name="Test" tests="3" failures="1" timestamp="2021-05-06T21:40:26 IST" time="69.326" errors="0">
  <testcase name="loginTest" time="5.355" classname="SeleniumVideos.SeleniumVideosPractice.AllureReportsPrac">
    <failure type="java.lang.AssertionError" message="expected [nopCommerce demo store123] but found [nopCommerce demo store. Login]">
      <![CDATA[java.lang.AssertionError: expected [nopCommerce demo store123] but found [nopCommerce demo store. Login]
at SeleniumVideos.SeleniumVideosPractice.AllureReportsPrac.loginTest(AllureReportsPrac.java:50)
at java.util.ArrayList.forEach(Unknown Source)
... Removed 33 stack frames]]>
    </failure>
  </testcase> <!-- loginTest -->
  <testcase name="logoPresence" time="0.31" classname="SeleniumVideos.SeleniumVideosPractice.AllureReportsPrac"/>
  <testcase name="regisTest" time="0.003" classname="SeleniumVideos.SeleniumVideosPractice.AllureReportsPrac">
    <skipped/>
  </testcase> <!-- regisTest -->
</testsuite> <!-- Test -->
